{"/Users/ShraddhaNaik/Desktop/TestGeneration/test.js":{"path":"/Users/ShraddhaNaik/Desktop/TestGeneration/test.js","s":{"1":1,"2":1,"3":1,"4":1,"5":1,"6":1,"7":1,"8":1,"9":1,"10":1,"11":1,"12":1,"13":1,"14":1,"15":1,"16":1,"17":1,"18":1,"19":1,"20":1,"21":1,"22":1,"23":1,"24":1,"25":1,"26":1,"27":1,"28":1,"29":1,"30":1,"31":1,"32":1,"33":1,"34":1,"35":1,"36":1,"37":1,"38":1,"39":1,"40":1,"41":1,"42":1,"43":1,"44":1,"45":1,"46":1,"47":1,"48":1,"49":1,"50":1,"51":1,"52":1,"53":1,"54":1,"55":1,"56":1,"57":1,"58":1,"59":1,"60":1,"61":1,"62":1,"63":1,"64":1,"65":1,"66":1,"67":1,"68":1,"69":1,"70":1,"71":1,"72":1,"73":1,"74":1,"75":1,"76":1,"77":1,"78":1,"79":1,"80":1,"81":1,"82":1,"83":1,"84":1,"85":1,"86":1,"87":1,"88":1,"89":1,"90":1,"91":1,"92":1,"93":1,"94":1,"95":1},"b":{},"f":{},"fnMap":{},"statementMap":{"1":{"start":{"line":1,"column":0},"end":{"line":1,"column":37}},"2":{"start":{"line":2,"column":0},"end":{"line":2,"column":30}},"3":{"start":{"line":3,"column":0},"end":{"line":3,"column":20}},"4":{"start":{"line":4,"column":0},"end":{"line":4,"column":20}},"5":{"start":{"line":5,"column":0},"end":{"line":5,"column":20}},"6":{"start":{"line":6,"column":0},"end":{"line":6,"column":20}},"7":{"start":{"line":7,"column":0},"end":{"line":7,"column":26}},"8":{"start":{"line":8,"column":0},"end":{"line":8,"column":26}},"9":{"start":{"line":9,"column":0},"end":{"line":9,"column":25}},"10":{"start":{"line":10,"column":0},"end":{"line":10,"column":25}},"11":{"start":{"line":11,"column":0},"end":{"line":11,"column":26}},"12":{"start":{"line":12,"column":0},"end":{"line":12,"column":26}},"13":{"start":{"line":13,"column":0},"end":{"line":13,"column":25}},"14":{"start":{"line":14,"column":0},"end":{"line":14,"column":25}},"15":{"start":{"line":15,"column":0},"end":{"line":15,"column":25}},"16":{"start":{"line":16,"column":0},"end":{"line":16,"column":26}},"17":{"start":{"line":17,"column":0},"end":{"line":17,"column":26}},"18":{"start":{"line":18,"column":0},"end":{"line":18,"column":26}},"19":{"start":{"line":19,"column":0},"end":{"line":19,"column":26}},"20":{"start":{"line":20,"column":0},"end":{"line":20,"column":26}},"21":{"start":{"line":21,"column":0},"end":{"line":21,"column":26}},"22":{"start":{"line":22,"column":0},"end":{"line":22,"column":25}},"23":{"start":{"line":23,"column":0},"end":{"line":23,"column":25}},"24":{"start":{"line":24,"column":0},"end":{"line":24,"column":26}},"25":{"start":{"line":25,"column":0},"end":{"line":25,"column":26}},"26":{"start":{"line":26,"column":0},"end":{"line":26,"column":25}},"27":{"start":{"line":27,"column":0},"end":{"line":27,"column":25}},"28":{"start":{"line":28,"column":0},"end":{"line":28,"column":25}},"29":{"start":{"line":29,"column":0},"end":{"line":29,"column":25}},"30":{"start":{"line":30,"column":0},"end":{"line":30,"column":25}},"31":{"start":{"line":31,"column":0},"end":{"line":31,"column":25}},"32":{"start":{"line":32,"column":0},"end":{"line":32,"column":25}},"33":{"start":{"line":33,"column":0},"end":{"line":33,"column":25}},"34":{"start":{"line":34,"column":0},"end":{"line":34,"column":26}},"35":{"start":{"line":35,"column":0},"end":{"line":35,"column":26}},"36":{"start":{"line":36,"column":0},"end":{"line":36,"column":26}},"37":{"start":{"line":37,"column":0},"end":{"line":37,"column":26}},"38":{"start":{"line":38,"column":0},"end":{"line":38,"column":31}},"39":{"start":{"line":39,"column":0},"end":{"line":39,"column":31}},"40":{"start":{"line":40,"column":0},"end":{"line":40,"column":31}},"41":{"start":{"line":41,"column":0},"end":{"line":41,"column":31}},"42":{"start":{"line":42,"column":0},"end":{"line":42,"column":26}},"43":{"start":{"line":43,"column":0},"end":{"line":43,"column":26}},"44":{"start":{"line":44,"column":0},"end":{"line":44,"column":26}},"45":{"start":{"line":45,"column":0},"end":{"line":45,"column":26}},"46":{"start":{"line":46,"column":0},"end":{"line":46,"column":26}},"47":{"start":{"line":47,"column":0},"end":{"line":47,"column":39}},"48":{"start":{"line":48,"column":0},"end":{"line":48,"column":39}},"49":{"start":{"line":49,"column":0},"end":{"line":49,"column":54}},"50":{"start":{"line":50,"column":0},"end":{"line":50,"column":54}},"51":{"start":{"line":51,"column":0},"end":{"line":51,"column":56}},"52":{"start":{"line":52,"column":0},"end":{"line":52,"column":56}},"53":{"start":{"line":53,"column":0},"end":{"line":53,"column":96}},"54":{"start":{"line":54,"column":1},"end":{"line":54,"column":57}},"55":{"start":{"line":55,"column":0},"end":{"line":55,"column":15}},"56":{"start":{"line":56,"column":0},"end":{"line":56,"column":119}},"57":{"start":{"line":57,"column":1},"end":{"line":57,"column":57}},"58":{"start":{"line":58,"column":0},"end":{"line":58,"column":15}},"59":{"start":{"line":59,"column":0},"end":{"line":59,"column":56}},"60":{"start":{"line":60,"column":1},"end":{"line":60,"column":57}},"61":{"start":{"line":61,"column":0},"end":{"line":61,"column":15}},"62":{"start":{"line":62,"column":0},"end":{"line":62,"column":79}},"63":{"start":{"line":63,"column":1},"end":{"line":63,"column":57}},"64":{"start":{"line":64,"column":0},"end":{"line":64,"column":15}},"65":{"start":{"line":65,"column":0},"end":{"line":65,"column":56}},"66":{"start":{"line":66,"column":1},"end":{"line":66,"column":57}},"67":{"start":{"line":67,"column":0},"end":{"line":67,"column":15}},"68":{"start":{"line":68,"column":0},"end":{"line":68,"column":79}},"69":{"start":{"line":69,"column":1},"end":{"line":69,"column":57}},"70":{"start":{"line":70,"column":0},"end":{"line":70,"column":15}},"71":{"start":{"line":71,"column":0},"end":{"line":71,"column":96}},"72":{"start":{"line":72,"column":1},"end":{"line":72,"column":57}},"73":{"start":{"line":73,"column":0},"end":{"line":73,"column":15}},"74":{"start":{"line":74,"column":0},"end":{"line":74,"column":119}},"75":{"start":{"line":75,"column":1},"end":{"line":75,"column":57}},"76":{"start":{"line":76,"column":0},"end":{"line":76,"column":15}},"77":{"start":{"line":77,"column":0},"end":{"line":77,"column":79}},"78":{"start":{"line":78,"column":1},"end":{"line":78,"column":57}},"79":{"start":{"line":79,"column":0},"end":{"line":79,"column":15}},"80":{"start":{"line":80,"column":0},"end":{"line":80,"column":79}},"81":{"start":{"line":81,"column":1},"end":{"line":81,"column":57}},"82":{"start":{"line":82,"column":0},"end":{"line":82,"column":15}},"83":{"start":{"line":83,"column":0},"end":{"line":83,"column":119}},"84":{"start":{"line":84,"column":1},"end":{"line":84,"column":57}},"85":{"start":{"line":85,"column":0},"end":{"line":85,"column":15}},"86":{"start":{"line":86,"column":0},"end":{"line":86,"column":119}},"87":{"start":{"line":87,"column":1},"end":{"line":87,"column":57}},"88":{"start":{"line":88,"column":0},"end":{"line":88,"column":15}},"89":{"start":{"line":89,"column":0},"end":{"line":89,"column":22}},"90":{"start":{"line":90,"column":0},"end":{"line":90,"column":28}},"91":{"start":{"line":91,"column":0},"end":{"line":91,"column":28}},"92":{"start":{"line":92,"column":0},"end":{"line":92,"column":28}},"93":{"start":{"line":93,"column":0},"end":{"line":93,"column":41}},"94":{"start":{"line":94,"column":0},"end":{"line":94,"column":41}},"95":{"start":{"line":95,"column":0},"end":{"line":95,"column":41}}},"branchMap":{}},"/Users/ShraddhaNaik/Desktop/TestGeneration/subject.js":{"path":"/Users/ShraddhaNaik/Desktop/TestGeneration/subject.js","s":{"1":1,"2":1,"3":13,"4":9,"5":13,"6":2,"7":13,"8":1,"9":31,"10":2,"11":29,"12":12,"13":0,"14":12,"15":0,"16":17,"17":13,"18":18,"19":1,"20":18,"21":14,"22":4,"23":4,"24":4,"25":0,"26":0,"27":0,"28":0,"29":0,"30":1,"31":4,"32":1,"33":6,"34":3,"35":6,"36":36,"37":6,"38":1,"39":3,"40":3,"41":3,"42":1,"43":2,"44":1,"45":1,"46":1,"47":1,"48":1,"49":1},"b":{"1":[9,4],"2":[2,11],"3":[2,29],"4":[31,27],"5":[12,17],"6":[0,12],"7":[0,12],"8":[13,4],"9":[14,4],"10":[4,0],"11":[0,0],"12":[0,0],"13":[3,3],"14":[6,3],"15":[1,2]},"f":{"1":13,"2":31,"3":18,"4":4,"5":6,"6":3},"fnMap":{"1":{"name":"inc","line":3,"loc":{"start":{"line":3,"column":0},"end":{"line":3,"column":18}}},"2":{"name":"weird","line":12,"loc":{"start":{"line":12,"column":0},"end":{"line":13,"column":0}}},"3":{"name":"fileTest","line":40,"loc":{"start":{"line":40,"column":0},"end":{"line":41,"column":0}}},"4":{"name":"normalize","line":64,"loc":{"start":{"line":64,"column":0},"end":{"line":64,"column":32}}},"5":{"name":"format","line":73,"loc":{"start":{"line":73,"column":0},"end":{"line":74,"column":0}}},"6":{"name":"blackListNumber","line":88,"loc":{"start":{"line":88,"column":0},"end":{"line":89,"column":0}}}},"statementMap":{"1":{"start":{"line":1,"column":0},"end":{"line":1,"column":23}},"2":{"start":{"line":3,"column":0},"end":{"line":10,"column":1}},"3":{"start":{"line":4,"column":3},"end":{"line":4,"column":26}},"4":{"start":{"line":4,"column":21},"end":{"line":4,"column":26}},"5":{"start":{"line":5,"column":3},"end":{"line":8,"column":4}},"6":{"start":{"line":7,"column":4},"end":{"line":7,"column":11}},"7":{"start":{"line":9,"column":3},"end":{"line":9,"column":18}},"8":{"start":{"line":12,"column":0},"end":{"line":37,"column":1}},"9":{"start":{"line":14,"column":4},"end":{"line":35,"column":5}},"10":{"start":{"line":16,"column":8},"end":{"line":16,"column":15}},"11":{"start":{"line":18,"column":9},"end":{"line":35,"column":5}},"12":{"start":{"line":20,"column":8},"end":{"line":27,"column":9}},"13":{"start":{"line":22,"column":12},"end":{"line":22,"column":21}},"14":{"start":{"line":24,"column":13},"end":{"line":27,"column":9}},"15":{"start":{"line":26,"column":12},"end":{"line":26,"column":21}},"16":{"start":{"line":31,"column":8},"end":{"line":34,"column":9}},"17":{"start":{"line":33,"column":12},"end":{"line":33,"column":29}},"18":{"start":{"line":36,"column":4},"end":{"line":36,"column":13}},"19":{"start":{"line":40,"column":0},"end":{"line":62,"column":1}},"20":{"start":{"line":42,"column":1},"end":{"line":45,"column":5}},"21":{"start":{"line":44,"column":8},"end":{"line":44,"column":21}},"22":{"start":{"line":47,"column":4},"end":{"line":47,"column":36}},"23":{"start":{"line":48,"column":4},"end":{"line":51,"column":5}},"24":{"start":{"line":50,"column":8},"end":{"line":50,"column":21}},"25":{"start":{"line":53,"column":3},"end":{"line":61,"column":2}},"26":{"start":{"line":55,"column":2},"end":{"line":55,"column":46}},"27":{"start":{"line":56,"column":2},"end":{"line":59,"column":3}},"28":{"start":{"line":58,"column":3},"end":{"line":58,"column":15}},"29":{"start":{"line":60,"column":2},"end":{"line":60,"column":15}},"30":{"start":{"line":64,"column":0},"end":{"line":71,"column":1}},"31":{"start":{"line":66,"column":4},"end":{"line":69,"column":6}},"32":{"start":{"line":73,"column":0},"end":{"line":86,"column":1}},"33":{"start":{"line":76,"column":4},"end":{"line":78,"column":5}},"34":{"start":{"line":77,"column":6},"end":{"line":77,"column":42}},"35":{"start":{"line":80,"column":4},"end":{"line":82,"column":5}},"36":{"start":{"line":81,"column":6},"end":{"line":81,"column":63}},"37":{"start":{"line":84,"column":4},"end":{"line":84,"column":24}},"38":{"start":{"line":88,"column":0},"end":{"line":97,"column":1}},"39":{"start":{"line":90,"column":1},"end":{"line":90,"column":49}},"40":{"start":{"line":91,"column":1},"end":{"line":91,"column":31}},"41":{"start":{"line":92,"column":1},"end":{"line":95,"column":2}},"42":{"start":{"line":94,"column":2},"end":{"line":94,"column":14}},"43":{"start":{"line":96,"column":1},"end":{"line":96,"column":14}},"44":{"start":{"line":99,"column":0},"end":{"line":99,"column":28}},"45":{"start":{"line":100,"column":0},"end":{"line":100,"column":30}},"46":{"start":{"line":101,"column":0},"end":{"line":101,"column":24}},"47":{"start":{"line":102,"column":0},"end":{"line":102,"column":18}},"48":{"start":{"line":103,"column":0},"end":{"line":103,"column":22}},"49":{"start":{"line":104,"column":0},"end":{"line":104,"column":42}}},"branchMap":{"1":{"line":4,"type":"if","locations":[{"start":{"line":4,"column":3},"end":{"line":4,"column":3}},{"start":{"line":4,"column":3},"end":{"line":4,"column":3}}]},"2":{"line":5,"type":"if","locations":[{"start":{"line":5,"column":3},"end":{"line":5,"column":3}},{"start":{"line":5,"column":3},"end":{"line":5,"column":3}}]},"3":{"line":14,"type":"if","locations":[{"start":{"line":14,"column":4},"end":{"line":14,"column":4}},{"start":{"line":14,"column":4},"end":{"line":14,"column":4}}]},"4":{"line":14,"type":"binary-expr","locations":[{"start":{"line":14,"column":8},"end":{"line":14,"column":13}},{"start":{"line":14,"column":17},"end":{"line":14,"column":22}}]},"5":{"line":18,"type":"if","locations":[{"start":{"line":18,"column":9},"end":{"line":18,"column":9}},{"start":{"line":18,"column":9},"end":{"line":18,"column":9}}]},"6":{"line":20,"type":"if","locations":[{"start":{"line":20,"column":8},"end":{"line":20,"column":8}},{"start":{"line":20,"column":8},"end":{"line":20,"column":8}}]},"7":{"line":24,"type":"if","locations":[{"start":{"line":24,"column":13},"end":{"line":24,"column":13}},{"start":{"line":24,"column":13},"end":{"line":24,"column":13}}]},"8":{"line":31,"type":"if","locations":[{"start":{"line":31,"column":8},"end":{"line":31,"column":8}},{"start":{"line":31,"column":8},"end":{"line":31,"column":8}}]},"9":{"line":42,"type":"if","locations":[{"start":{"line":42,"column":1},"end":{"line":42,"column":1}},{"start":{"line":42,"column":1},"end":{"line":42,"column":1}}]},"10":{"line":48,"type":"if","locations":[{"start":{"line":48,"column":4},"end":{"line":48,"column":4}},{"start":{"line":48,"column":4},"end":{"line":48,"column":4}}]},"11":{"line":53,"type":"if","locations":[{"start":{"line":53,"column":3},"end":{"line":53,"column":3}},{"start":{"line":53,"column":3},"end":{"line":53,"column":3}}]},"12":{"line":56,"type":"if","locations":[{"start":{"line":56,"column":2},"end":{"line":56,"column":2}},{"start":{"line":56,"column":2},"end":{"line":56,"column":2}}]},"13":{"line":76,"type":"if","locations":[{"start":{"line":76,"column":4},"end":{"line":76,"column":4}},{"start":{"line":76,"column":4},"end":{"line":76,"column":4}}]},"14":{"line":76,"type":"binary-expr","locations":[{"start":{"line":76,"column":8},"end":{"line":76,"column":16}},{"start":{"line":76,"column":20},"end":{"line":76,"column":38}}]},"15":{"line":92,"type":"if","locations":[{"start":{"line":92,"column":1},"end":{"line":92,"column":1}},{"start":{"line":92,"column":1},"end":{"line":92,"column":1}}]}}}}